/*C6*/SET SCHEMA PUBLIC
CREATE SCHEMA IF NOT EXISTS DATA_FINANCE AUTHORIZATION DBA
SET SCHEMA DATA_FINANCE
SET SCHEMA DATA_FINANCE
SET SCHEMA PUBLIC
SET SCHEMA PUBLIC
DISCONNECT
/*C7*/SET SCHEMA PUBLIC
CREATE SCHEMA IF NOT EXISTS DATA_FINANCE AUTHORIZATION DBA
SET SCHEMA DATA_FINANCE
SET SCHEMA DATA_FINANCE
SET SCHEMA PUBLIC
SET SCHEMA PUBLIC
SET SCHEMA DATA_FINANCE
INSERT INTO MBS_DATA_SERIES VALUES(8455583,371933.901818E0,'(millions of US dollars end of period)',2018,76,'YY','5301')
INSERT INTO MBS_DATA_SERIES VALUES(7709340,371150.619206E0,'(millions of US dollars end of period)',2017,76,'YY','5301')
INSERT INTO MBS_DATA_SERIES VALUES(7004350,362504.95362E0,'(millions of US dollars end of period)',2016,76,'YY','5301')
INSERT INTO MBS_DATA_SERIES VALUES(7004349,354174.892918E0,'(millions of US dollars end of period)',2015,76,'YY','5301')
INSERT INTO MBS_DATA_SERIES VALUES(7004348,360964.711541E0,'(millions of US dollars end of period)',2014,76,'YY','5301')
INSERT INTO MBS_DATA_SERIES VALUES(7004347,356214.148612E0,'(millions of US dollars end of period)',2013,76,'YY','5301')
INSERT INTO MBS_DATA_SERIES VALUES(7004346,369565.972392E0,'(millions of US dollars end of period)',2012,76,'YY','5301')
INSERT INTO MBS_DATA_SERIES VALUES(7004345,350356.038764E0,'(millions of US dollars end of period)',2011,76,'YY','5301')
INSERT INTO MBS_DATA_SERIES VALUES(7004344,287056.037253E0,'(millions of US dollars end of period)',2010,76,'YY','5301')
INSERT INTO MBS_DATA_SERIES VALUES(7004343,237364.464789E0,'(millions of US dollars end of period)',2009,76,'YY','5301')
INSERT INTO MBS_DATA_SERIES VALUES(7004342,192843.633608E0,'(millions of US dollars end of period)',2008,76,'YY','5301')
INSERT INTO MBS_DATA_SERIES VALUES(7004341,179432.865855E0,'(millions of US dollars end of period)',2007,76,'YY','5301')
INSERT INTO MBS_DATA_SERIES VALUES(7004340,85156.183463E0,'(millions of US dollars end of period)',2006,76,'YY','5301')
INSERT INTO MBS_DATA_SERIES VALUES(7004339,53245.20976E0,'(millions of US dollars end of period)',2005,76,'YY','5301')
INSERT INTO MBS_DATA_SERIES VALUES(7004338,52461.784859E0,'(millions of US dollars end of period)',2004,76,'YY','5301')
INSERT INTO MBS_DATA_SERIES VALUES(7004337,48846.596457E0,'(millions of US dollars end of period)',2003,76,'YY','5301')
INSERT INTO MBS_DATA_SERIES VALUES(7004336,37461.990439E0,'(millions of US dollars end of period)',2002,76,'YY','5301')
INSERT INTO MBS_DATA_SERIES VALUES(7004335,35563.040398E0,'(millions of US dollars end of period)',2001,76,'YY','5301')
INSERT INTO MBS_DATA_SERIES VALUES(7004334,32433.98475E0,'(millions of US dollars end of period)',2000,76,'YY','5301')
COMMIT
SET SCHEMA PUBLIC
DISCONNECT
/*C8*/SET SCHEMA PUBLIC
CREATE SCHEMA IF NOT EXISTS DATA_FINANCE AUTHORIZATION DBA
SET SCHEMA DATA_FINANCE
SET SCHEMA DATA_FINANCE
SET SCHEMA PUBLIC
SET SCHEMA PUBLIC
SET SCHEMA DATA_FINANCE
INSERT INTO MBS_DATA_SERIES VALUES(8455655,83925.602808E0,'(millions of US dollars end of period)',2018,124,'YY','5301')
INSERT INTO MBS_DATA_SERIES VALUES(7709409,86677.706696E0,'(millions of US dollars end of period)',2017,124,'YY','5301')
INSERT INTO MBS_DATA_SERIES VALUES(7003750,82718.110857E0,'(millions of US dollars end of period)',2016,124,'YY','5301')
INSERT INTO MBS_DATA_SERIES VALUES(7003749,79695.445869E0,'(millions of US dollars end of period)',2015,124,'YY','5301')
INSERT INTO MBS_DATA_SERIES VALUES(7003748,74584.186252E0,'(millions of US dollars end of period)',2014,124,'YY','5301')
INSERT INTO MBS_DATA_SERIES VALUES(7003747,71821.453415E0,'(millions of US dollars end of period)',2013,124,'YY','5301')
INSERT INTO MBS_DATA_SERIES VALUES(7003746,68364.967361E0,'(millions of US dollars end of period)',2012,124,'YY','5301')
INSERT INTO MBS_DATA_SERIES VALUES(7003745,65652.106667E0,'(millions of US dollars end of period)',2011,124,'YY','5301')
INSERT INTO MBS_DATA_SERIES VALUES(7003744,56997.958271E0,'(millions of US dollars end of period)',2010,124,'YY','5301')
INSERT INTO MBS_DATA_SERIES VALUES(7003743,54237.792266E0,'(millions of US dollars end of period)',2009,124,'YY','5301')
INSERT INTO MBS_DATA_SERIES VALUES(7003742,43777.513813E0,'(millions of US dollars end of period)',2008,124,'YY','5301')
INSERT INTO MBS_DATA_SERIES VALUES(7003741,40991.230028E0,'(millions of US dollars end of period)',2007,124,'YY','5301')
INSERT INTO MBS_DATA_SERIES VALUES(7003740,34993.800647E0,'(millions of US dollars end of period)',2006,124,'YY','5301')
INSERT INTO MBS_DATA_SERIES VALUES(7003739,32962.124276E0,'(millions of US dollars end of period)',2005,124,'YY','5301')
INSERT INTO MBS_DATA_SERIES VALUES(7003738,34428.643087E0,'(millions of US dollars end of period)',2004,124,'YY','5301')
INSERT INTO MBS_DATA_SERIES VALUES(7003737,36222.100799E0,'(millions of US dollars end of period)',2003,124,'YY','5301')
INSERT INTO MBS_DATA_SERIES VALUES(7003736,36984.083073E0,'(millions of US dollars end of period)',2002,124,'YY','5301')
INSERT INTO MBS_DATA_SERIES VALUES(7003735,33961.817467E0,'(millions of US dollars end of period)',2001,124,'YY','5301')
INSERT INTO MBS_DATA_SERIES VALUES(7003734,32102.319496E0,'(millions of US dollars end of period)',2000,124,'YY','5301')
COMMIT
SET SCHEMA PUBLIC
DISCONNECT
/*C9*/SET SCHEMA PUBLIC
CREATE SCHEMA IF NOT EXISTS DATA_FINANCE AUTHORIZATION DBA
SET SCHEMA DATA_FINANCE
SET SCHEMA DATA_FINANCE
SET SCHEMA PUBLIC
SET SCHEMA PUBLIC
SET SCHEMA DATA_FINANCE
INSERT INTO MBS_DATA_SERIES VALUES(8455685,3091881.257199E0,'(millions of US dollars end of period)',2018,156,'YY','5301')
INSERT INTO MBS_DATA_SERIES VALUES(7744054,3158876.947213E0,'(millions of US dollars end of period)',2017,156,'YY','5301')
INSERT INTO MBS_DATA_SERIES VALUES(7003438,3029775.305378E0,'(millions of US dollars end of period)',2016,156,'YY','5301')
INSERT INTO MBS_DATA_SERIES VALUES(7003437,3345193.763888E0,'(millions of US dollars end of period)',2015,156,'YY','5301')
INSERT INTO MBS_DATA_SERIES VALUES(7003436,3859167.962991E0,'(millions of US dollars end of period)',2014,156,'YY','5301')
INSERT INTO MBS_DATA_SERIES VALUES(7003435,3839547.760252E0,'(millions of US dollars end of period)',2013,156,'YY','5301')
INSERT INTO MBS_DATA_SERIES VALUES(7003434,3331120.013773E0,'(millions of US dollars end of period)',2012,156,'YY','5301')
INSERT INTO MBS_DATA_SERIES VALUES(7003433,3202788.473563E0,'(millions of US dollars end of period)',2011,156,'YY','5301')
INSERT INTO MBS_DATA_SERIES VALUES(7003449,2866079.316315E0,'(millions of US dollars end of period)',2010,156,'YY','5301')
INSERT INTO MBS_DATA_SERIES VALUES(7003448,2416043.687067E0,'(millions of US dollars end of period)',2009,156,'YY','5301')
INSERT INTO MBS_DATA_SERIES VALUES(7003447,1949259.95357E0,'(millions of US dollars end of period)',2008,156,'YY','5301')
INSERT INTO MBS_DATA_SERIES VALUES(7003446,1530281.623043E0,'(millions of US dollars end of period)',2007,156,'YY','5301')
INSERT INTO MBS_DATA_SERIES VALUES(7003445,1068493.029869E0,'(millions of US dollars end of period)',2006,156,'YY','5301')
INSERT INTO MBS_DATA_SERIES VALUES(7003444,821513.849695E0,'(millions of US dollars end of period)',2005,156,'YY','5301')
INSERT INTO MBS_DATA_SERIES VALUES(7003443,614499.524349E0,'(millions of US dollars end of period)',2004,156,'YY','5301')
INSERT INTO MBS_DATA_SERIES VALUES(7003442,408150.659048E0,'(millions of US dollars end of period)',2003,156,'YY','5301')
INSERT INTO MBS_DATA_SERIES VALUES(7003441,291127.828205E0,'(millions of US dollars end of period)',2002,156,'YY','5301')
INSERT INTO MBS_DATA_SERIES VALUES(7003440,215605.127617E0,'(millions of US dollars end of period)',2001,156,'YY','5301')
INSERT INTO MBS_DATA_SERIES VALUES(7003439,168277.583225E0,'(millions of US dollars end of period)',2000,156,'YY','5301')
COMMIT
SET SCHEMA PUBLIC
DISCONNECT
/*C10*/SET SCHEMA PUBLIC
CREATE SCHEMA IF NOT EXISTS DATA_FINANCE AUTHORIZATION DBA
SET SCHEMA DATA_FINANCE
SET SCHEMA DATA_FINANCE
SET SCHEMA PUBLIC
SET SCHEMA PUBLIC
SET SCHEMA DATA_FINANCE
INSERT INTO MBS_DATA_SERIES VALUES(8455789,68199.860033E0,'(millions of US dollars end of period)',2018,208,'YY','5301')
INSERT INTO MBS_DATA_SERIES VALUES(7744104,72470.454465E0,'(millions of US dollars end of period)',2017,208,'YY','5301')
INSERT INTO MBS_DATA_SERIES VALUES(7016590,61764.037979E0,'(millions of US dollars end of period)',2016,208,'YY','5301')
INSERT INTO MBS_DATA_SERIES VALUES(7016589,62917.117406E0,'(millions of US dollars end of period)',2015,208,'YY','5301')
INSERT INTO MBS_DATA_SERIES VALUES(7016588,72811.530069E0,'(millions of US dollars end of period)',2014,208,'YY','5301')
INSERT INTO MBS_DATA_SERIES VALUES(7016587,86099.435807E0,'(millions of US dollars end of period)',2013,208,'YY','5301')
INSERT INTO MBS_DATA_SERIES VALUES(7016586,86137.535278E0,'(millions of US dollars end of period)',2012,208,'YY','5301')
INSERT INTO MBS_DATA_SERIES VALUES(7016585,81679.494478E0,'(millions of US dollars end of period)',2011,208,'YY','5301')
INSERT INTO MBS_DATA_SERIES VALUES(7016584,73502.814525E0,'(millions of US dollars end of period)',2010,208,'YY','5301')
INSERT INTO MBS_DATA_SERIES VALUES(7016583,74290.894422E0,'(millions of US dollars end of period)',2009,208,'YY','5301')
INSERT INTO MBS_DATA_SERIES VALUES(7016582,40465.790826E0,'(millions of US dollars end of period)',2008,208,'YY','5301')
INSERT INTO MBS_DATA_SERIES VALUES(7016581,32534.428041E0,'(millions of US dollars end of period)',2007,208,'YY','5301')
INSERT INTO MBS_DATA_SERIES VALUES(7016580,29723.677393E0,'(millions of US dollars end of period)',2006,208,'YY','5301')
INSERT INTO MBS_DATA_SERIES VALUES(7016579,32930.38641E0,'(millions of US dollars end of period)',2005,208,'YY','5301')
INSERT INTO MBS_DATA_SERIES VALUES(7016578,39083.668074E0,'(millions of US dollars end of period)',2004,208,'YY','5301')
INSERT INTO MBS_DATA_SERIES VALUES(7016577,37104.964983E0,'(millions of US dollars end of period)',2003,208,'YY','5301')
INSERT INTO MBS_DATA_SERIES VALUES(7016576,26985.657484E0,'(millions of US dollars end of period)',2002,208,'YY','5301')
INSERT INTO MBS_DATA_SERIES VALUES(7016575,17110.213223E0,'(millions of US dollars end of period)',2001,208,'YY','5301')
INSERT INTO MBS_DATA_SERIES VALUES(7016574,15108.246747E0,'(millions of US dollars end of period)',2000,208,'YY','5301')
COMMIT
SET SCHEMA PUBLIC
DISCONNECT
/*C11*/SET SCHEMA PUBLIC
CREATE SCHEMA IF NOT EXISTS DATA_FINANCE AUTHORIZATION DBA
SET SCHEMA DATA_FINANCE
SET SCHEMA DATA_FINANCE
SET SCHEMA PUBLIC
SET SCHEMA PUBLIC
SET SCHEMA DATA_FINANCE
INSERT INTO MBS_DATA_SERIES VALUES(8455909,8284.157187E0,'(millions of US dollars end of period)',2018,246,'YY','5301')
INSERT INTO MBS_DATA_SERIES VALUES(7709654,8458.376391E0,'(millions of US dollars end of period)',2017,246,'YY','5301')
INSERT INTO MBS_DATA_SERIES VALUES(6992618,8654.83938E0,'(millions of US dollars end of period)',2016,246,'YY','5301')
INSERT INTO MBS_DATA_SERIES VALUES(6992617,8341.475637E0,'(millions of US dollars end of period)',2015,246,'YY','5301')
INSERT INTO MBS_DATA_SERIES VALUES(6992616,8773.77078E0,'(millions of US dollars end of period)',2014,246,'YY','5301')
INSERT INTO MBS_DATA_SERIES VALUES(6992615,9369.246806E0,'(millions of US dollars end of period)',2013,246,'YY','5301')
INSERT INTO MBS_DATA_SERIES VALUES(6992614,8453.224912E0,'(millions of US dollars end of period)',2012,246,'YY','5301')
INSERT INTO MBS_DATA_SERIES VALUES(6992613,7857.077418E0,'(millions of US dollars end of period)',2011,246,'YY','5301')
INSERT INTO MBS_DATA_SERIES VALUES(6992612,7326.737724E0,'(millions of US dollars end of period)',2010,246,'YY','5301')
INSERT INTO MBS_DATA_SERIES VALUES(6992611,9710.584791E0,'(millions of US dollars end of period)',2009,246,'YY','5301')
INSERT INTO MBS_DATA_SERIES VALUES(6992610,6979.372867E0,'(millions of US dollars end of period)',2008,246,'YY','5301')
INSERT INTO MBS_DATA_SERIES VALUES(6992609,7063.149053E0,'(millions of US dollars end of period)',2007,246,'YY','5301')
INSERT INTO MBS_DATA_SERIES VALUES(6992608,6494.233358E0,'(millions of US dollars end of period)',2006,246,'YY','5301')
INSERT INTO MBS_DATA_SERIES VALUES(6992607,10521.093301E0,'(millions of US dollars end of period)',2005,246,'YY','5301')
INSERT INTO MBS_DATA_SERIES VALUES(6992606,12221.530496E0,'(millions of US dollars end of period)',2004,246,'YY','5301')
INSERT INTO MBS_DATA_SERIES VALUES(6992605,10514.943632E0,'(millions of US dollars end of period)',2003,246,'YY','5301')
INSERT INTO MBS_DATA_SERIES VALUES(6992604,9284.954097E0,'(millions of US dollars end of period)',2002,246,'YY','5301')
INSERT INTO MBS_DATA_SERIES VALUES(6992603,7983.348162E0,'(millions of US dollars end of period)',2001,246,'YY','5301')
INSERT INTO MBS_DATA_SERIES VALUES(6992602,7976.924083E0,'(millions of US dollars end of period)',2000,246,'YY','5301')
COMMIT
SET SCHEMA PUBLIC
DISCONNECT
/*C12*/SET SCHEMA PUBLIC
CREATE SCHEMA IF NOT EXISTS DATA_FINANCE AUTHORIZATION DBA
SET SCHEMA DATA_FINANCE
SET SCHEMA DATA_FINANCE
SET SCHEMA PUBLIC
SET SCHEMA PUBLIC
SET SCHEMA DATA_FINANCE
INSERT INTO MBS_DATA_SERIES VALUES(8456067,6239.444061E0,'(millions of US dollars end of period)',2018,352,'YY','5301')
INSERT INTO MBS_DATA_SERIES VALUES(7963381,6483.459219E0,'(millions of US dollars end of period)',2017,352,'YY','5301')
INSERT INTO MBS_DATA_SERIES VALUES(7019076,7152.51291E0,'(millions of US dollars end of period)',2016,352,'YY','5301')
INSERT INTO MBS_DATA_SERIES VALUES(7019075,4972.945412E0,'(millions of US dollars end of period)',2015,352,'YY','5301')
INSERT INTO MBS_DATA_SERIES VALUES(7019074,4100.124741E0,'(millions of US dollars end of period)',2014,352,'YY','5301')
INSERT INTO MBS_DATA_SERIES VALUES(7019073,4160.805158E0,'(millions of US dollars end of period)',2013,352,'YY','5301')
INSERT INTO MBS_DATA_SERIES VALUES(7019072,4085.343643E0,'(millions of US dollars end of period)',2012,352,'YY','5301')
INSERT INTO MBS_DATA_SERIES VALUES(7019071,8450.364523E0,'(millions of US dollars end of period)',2011,352,'YY','5301')
INSERT INTO MBS_DATA_SERIES VALUES(7019070,5698.912854E0,'(millions of US dollars end of period)',2010,352,'YY','5301')
INSERT INTO MBS_DATA_SERIES VALUES(7019069,3813.240515E0,'(millions of US dollars end of period)',2009,352,'YY','5301')
INSERT INTO MBS_DATA_SERIES VALUES(7019068,3515.220211E0,'(millions of US dollars end of period)',2008,352,'YY','5301')
INSERT INTO MBS_DATA_SERIES VALUES(7019067,2578.6505E0,'(millions of US dollars end of period)',2007,352,'YY','5301')
INSERT INTO MBS_DATA_SERIES VALUES(7019066,2301.280989E0,'(millions of US dollars end of period)',2006,352,'YY','5301')
INSERT INTO MBS_DATA_SERIES VALUES(7019065,1035.688647E0,'(millions of US dollars end of period)',2005,352,'YY','5301')
INSERT INTO MBS_DATA_SERIES VALUES(7019064,1046.234851E0,'(millions of US dollars end of period)',2004,352,'YY','5301')
INSERT INTO MBS_DATA_SERIES VALUES(7019063,792.258433E0,'(millions of US dollars end of period)',2003,352,'YY','5301')
INSERT INTO MBS_DATA_SERIES VALUES(7019062,440.104833E0,'(millions of US dollars end of period)',2002,352,'YY','5301')
INSERT INTO MBS_DATA_SERIES VALUES(7019061,338.233118E0,'(millions of US dollars end of period)',2001,352,'YY','5301')
INSERT INTO MBS_DATA_SERIES VALUES(7019060,388.881716E0,'(millions of US dollars end of period)',2000,352,'YY','5301')
COMMIT
SET SCHEMA PUBLIC
DISCONNECT
/*C13*/SET SCHEMA PUBLIC
CREATE SCHEMA IF NOT EXISTS DATA_FINANCE AUTHORIZATION DBA
SET SCHEMA DATA_FINANCE
SET SCHEMA DATA_FINANCE
SET SCHEMA PUBLIC
SET SCHEMA PUBLIC
SET SCHEMA DATA_FINANCE
INSERT INTO MBS_DATA_SERIES VALUES(8456079,374425.187183E0,'(millions of US dollars end of period)',2018,356,'YY','5301')
INSERT INTO MBS_DATA_SERIES VALUES(7709804,389350.147912E0,'(millions of US dollars end of period)',2017,356,'YY','5301')
INSERT INTO MBS_DATA_SERIES VALUES(7017478,341145.194692E0,'(millions of US dollars end of period)',2016,356,'YY','5301')
INSERT INTO MBS_DATA_SERIES VALUES(7017477,334310.993025E0,'(millions of US dollars end of period)',2015,356,'YY','5301')
INSERT INTO MBS_DATA_SERIES VALUES(7017476,303454.874927E0,'(millions of US dollars end of period)',2014,356,'YY','5301')
INSERT INTO MBS_DATA_SERIES VALUES(7017475,276493.267092E0,'(millions of US dollars end of period)',2013,356,'YY','5301')
INSERT INTO MBS_DATA_SERIES VALUES(7017474,270586.506917E0,'(millions of US dollars end of period)',2012,356,'YY','5301')
INSERT INTO MBS_DATA_SERIES VALUES(7017473,271285.421552E0,'(millions of US dollars end of period)',2011,356,'YY','5301')
INSERT INTO MBS_DATA_SERIES VALUES(7017472,275276.605505E0,'(millions of US dollars end of period)',2010,356,'YY','5301')
INSERT INTO MBS_DATA_SERIES VALUES(7017471,265181.731677E0,'(millions of US dollars end of period)',2009,356,'YY','5301')
INSERT INTO MBS_DATA_SERIES VALUES(7017470,247418.901857E0,'(millions of US dollars end of period)',2008,356,'YY','5301')
INSERT INTO MBS_DATA_SERIES VALUES(7017469,266988.346673E0,'(millions of US dollars end of period)',2007,356,'YY','5301')
INSERT INTO MBS_DATA_SERIES VALUES(7017468,170737.998444E0,'(millions of US dollars end of period)',2006,356,'YY','5301')
INSERT INTO MBS_DATA_SERIES VALUES(7017467,131924.326287E0,'(millions of US dollars end of period)',2005,356,'YY','5301')
INSERT INTO MBS_DATA_SERIES VALUES(7017466,126593.287643E0,'(millions of US dollars end of period)',2004,356,'YY','5301')
INSERT INTO MBS_DATA_SERIES VALUES(7017465,98937.910782E0,'(millions of US dollars end of period)',2003,356,'YY','5301')
INSERT INTO MBS_DATA_SERIES VALUES(7017464,67665.482492E0,'(millions of US dollars end of period)',2002,356,'YY','5301')
INSERT INTO MBS_DATA_SERIES VALUES(7017463,45870.471083E0,'(millions of US dollars end of period)',2001,356,'YY','5301')
INSERT INTO MBS_DATA_SERIES VALUES(7017462,37902.244645E0,'(millions of US dollars end of period)',2000,356,'YY','5301')
COMMIT
SET SCHEMA PUBLIC
DISCONNECT
/*C14*/SET SCHEMA PUBLIC
CREATE SCHEMA IF NOT EXISTS DATA_FINANCE AUTHORIZATION DBA
SET SCHEMA DATA_FINANCE
SET SCHEMA DATA_FINANCE
SET SCHEMA PUBLIC
SET SCHEMA PUBLIC
SET SCHEMA DATA_FINANCE
INSERT INTO MBS_DATA_SERIES VALUES(8506145,117424.645942E0,'(millions of US dollars end of period)',2018,360,'YY','5301')
INSERT INTO MBS_DATA_SERIES VALUES(7709818,126857.395382E0,'(millions of US dollars end of period)',2017,360,'YY','5301')
INSERT INTO MBS_DATA_SERIES VALUES(7012903,113493.392851E0,'(millions of US dollars end of period)',2016,360,'YY','5301')
INSERT INTO MBS_DATA_SERIES VALUES(7012902,103268.247088E0,'(millions of US dollars end of period)',2015,360,'YY','5301')
INSERT INTO MBS_DATA_SERIES VALUES(7012901,108835.534561E0,'(millions of US dollars end of period)',2014,360,'YY','5301')
INSERT INTO MBS_DATA_SERIES VALUES(7012900,96363.531239E0,'(millions of US dollars end of period)',2013,360,'YY','5301')
INSERT INTO MBS_DATA_SERIES VALUES(7012899,108837.307833E0,'(millions of US dollars end of period)',2012,360,'YY','5301')
INSERT INTO MBS_DATA_SERIES VALUES(7012898,106538.747662E0,'(millions of US dollars end of period)',2011,360,'YY','5301')
INSERT INTO MBS_DATA_SERIES VALUES(7012897,92908.055584E0,'(millions of US dollars end of period)',2010,360,'YY','5301')
INSERT INTO MBS_DATA_SERIES VALUES(7012896,63563.292968E0,'(millions of US dollars end of period)',2009,360,'YY','5301')
INSERT INTO MBS_DATA_SERIES VALUES(7012895,49596.713221E0,'(millions of US dollars end of period)',2008,360,'YY','5301')
INSERT INTO MBS_DATA_SERIES VALUES(7012894,54976.431523E0,'(millions of US dollars end of period)',2007,360,'YY','5301')
INSERT INTO MBS_DATA_SERIES VALUES(7012893,41103.145281E0,'(millions of US dollars end of period)',2006,360,'YY','5301')
INSERT INTO MBS_DATA_SERIES VALUES(7012892,33140.499049E0,'(millions of US dollars end of period)',2005,360,'YY','5301')
INSERT INTO MBS_DATA_SERIES VALUES(7012891,34952.495909E0,'(millions of US dollars end of period)',2004,360,'YY','5301')
INSERT INTO MBS_DATA_SERIES VALUES(7012890,34962.311391E0,'(millions of US dollars end of period)',2003,360,'YY','5301')
INSERT INTO MBS_DATA_SERIES VALUES(7012889,30970.717497E0,'(millions of US dollars end of period)',2002,360,'YY','5301')
INSERT INTO MBS_DATA_SERIES VALUES(7012888,27246.20968E0,'(millions of US dollars end of period)',2001,360,'YY','5301')
INSERT INTO MBS_DATA_SERIES VALUES(7012887,28501.860111E0,'(millions of US dollars end of period)',2000,360,'YY','5301')
COMMIT
SET SCHEMA PUBLIC
DISCONNECT
/*C15*/SET SCHEMA PUBLIC
CREATE SCHEMA IF NOT EXISTS DATA_FINANCE AUTHORIZATION DBA
SET SCHEMA DATA_FINANCE
SET SCHEMA DATA_FINANCE
SET SCHEMA PUBLIC
SET SCHEMA PUBLIC
SET SCHEMA DATA_FINANCE
INSERT INTO MBS_DATA_SERIES VALUES(8456307,99850.469255E0,'(millions of US dollars end of period)',2018,458,'YY','5301')
INSERT INTO MBS_DATA_SERIES VALUES(7744357,100877.83468E0,'(millions of US dollars end of period)',2017,458,'YY','5301')
INSERT INTO MBS_DATA_SERIES VALUES(6976198,93071.810074E0,'(millions of US dollars end of period)',2016,458,'YY','5301')
INSERT INTO MBS_DATA_SERIES VALUES(6976197,93978.542267E0,'(millions of US dollars end of period)',2015,458,'YY','5301')
INSERT INTO MBS_DATA_SERIES VALUES(6976196,114571.975075E0,'(millions of US dollars end of period)',2014,458,'YY','5301')
INSERT INTO MBS_DATA_SERIES VALUES(6976195,133444.437251E0,'(millions of US dollars end of period)',2013,458,'YY','5301')
INSERT INTO MBS_DATA_SERIES VALUES(6976194,137783.902665E0,'(millions of US dollars end of period)',2012,458,'YY','5301')
INSERT INTO MBS_DATA_SERIES VALUES(6976193,131780.414231E0,'(millions of US dollars end of period)',2011,458,'YY','5301')
INSERT INTO MBS_DATA_SERIES VALUES(6976192,104883.688469E0,'(millions of US dollars end of period)',2010,458,'YY','5301')
INSERT INTO MBS_DATA_SERIES VALUES(6976191,95431.679214E0,'(millions of US dollars end of period)',2009,458,'YY','5301')
INSERT INTO MBS_DATA_SERIES VALUES(6976190,91148.849564E0,'(millions of US dollars end of period)',2008,458,'YY','5301')
INSERT INTO MBS_DATA_SERIES VALUES(6976189,101019.281444E0,'(millions of US dollars end of period)',2007,458,'YY','5301')
INSERT INTO MBS_DATA_SERIES VALUES(6976188,82132.321883E0,'(millions of US dollars end of period)',2006,458,'YY','5301')
INSERT INTO MBS_DATA_SERIES VALUES(6976187,69857.980074E0,'(millions of US dollars end of period)',2005,458,'YY','5301')
INSERT INTO MBS_DATA_SERIES VALUES(6976186,65881.086884E0,'(millions of US dollars end of period)',2004,458,'YY','5301')
INSERT INTO MBS_DATA_SERIES VALUES(6976185,43821.70599E0,'(millions of US dollars end of period)',2003,458,'YY','5301')
INSERT INTO MBS_DATA_SERIES VALUES(6976184,33360.665887E0,'(millions of US dollars end of period)',2002,458,'YY','5301')
INSERT INTO MBS_DATA_SERIES VALUES(6976183,29522.298173E0,'(millions of US dollars end of period)',2001,458,'YY','5301')
INSERT INTO MBS_DATA_SERIES VALUES(6976182,28329.830063E0,'(millions of US dollars end of period)',2000,458,'YY','5301')
COMMIT
SET SCHEMA PUBLIC
DISCONNECT
/*C16*/SET SCHEMA PUBLIC
CREATE SCHEMA IF NOT EXISTS DATA_FINANCE AUTHORIZATION DBA
SET SCHEMA DATA_FINANCE
SET SCHEMA DATA_FINANCE
SET SCHEMA PUBLIC
SET SCHEMA PUBLIC
SET SCHEMA DATA_FINANCE
INSERT INTO MBS_DATA_SERIES VALUES(8456377,171444.902467E0,'(millions of US dollars end of period)',2018,484,'YY','5301')
INSERT INTO MBS_DATA_SERIES VALUES(7710089,170458.364362E0,'(millions of US dollars end of period)',2017,484,'YY','5301')
INSERT INTO MBS_DATA_SERIES VALUES(6996450,173535.819121E0,'(millions of US dollars end of period)',2016,484,'YY','5301')
INSERT INTO MBS_DATA_SERIES VALUES(6996449,173457.747218E0,'(millions of US dollars end of period)',2015,484,'YY','5301')
INSERT INTO MBS_DATA_SERIES VALUES(6996448,190923.190993E0,'(millions of US dollars end of period)',2014,484,'YY','5301')
INSERT INTO MBS_DATA_SERIES VALUES(6996447,175432.415284E0,'(millions of US dollars end of period)',2013,484,'YY','5301')
INSERT INTO MBS_DATA_SERIES VALUES(6996446,160413.365459E0,'(millions of US dollars end of period)',2012,484,'YY','5301')
INSERT INTO MBS_DATA_SERIES VALUES(6996445,143990.797078E0,'(millions of US dollars end of period)',2011,484,'YY','5301')
INSERT INTO MBS_DATA_SERIES VALUES(6996444,120264.99036E0,'(millions of US dollars end of period)',2010,484,'YY','5301')
INSERT INTO MBS_DATA_SERIES VALUES(6996443,99589.209742E0,'(millions of US dollars end of period)',2009,484,'YY','5301')
INSERT INTO MBS_DATA_SERIES VALUES(6996442,95126.103498E0,'(millions of US dollars end of period)',2008,484,'YY','5301')
INSERT INTO MBS_DATA_SERIES VALUES(6996441,87109.236213E0,'(millions of US dollars end of period)',2007,484,'YY','5301')
INSERT INTO MBS_DATA_SERIES VALUES(6996440,76270.546023E0,'(millions of US dollars end of period)',2006,484,'YY','5301')
INSERT INTO MBS_DATA_SERIES VALUES(6996439,74054.137348E0,'(millions of US dollars end of period)',2005,484,'YY','5301')
INSERT INTO MBS_DATA_SERIES VALUES(6996438,64140.696567E0,'(millions of US dollars end of period)',2004,484,'YY','5301')
INSERT INTO MBS_DATA_SERIES VALUES(6996437,58955.641644E0,'(millions of US dollars end of period)',2003,484,'YY','5301')
INSERT INTO MBS_DATA_SERIES VALUES(6996436,50594.446759E0,'(millions of US dollars end of period)',2002,484,'YY','5301')
INSERT INTO MBS_DATA_SERIES VALUES(6996435,44740.742121E0,'(millions of US dollars end of period)',2001,484,'YY','5301')
INSERT INTO MBS_DATA_SERIES VALUES(6996434,35508.841926E0,'(millions of US dollars end of period)',2000,484,'YY','5301')
COMMIT
SET SCHEMA PUBLIC
DISCONNECT
/*C17*/SET SCHEMA PUBLIC
CREATE SCHEMA IF NOT EXISTS DATA_FINANCE AUTHORIZATION DBA
SET SCHEMA DATA_FINANCE
SET SCHEMA DATA_FINANCE
SET SCHEMA PUBLIC
SET SCHEMA PUBLIC
SET SCHEMA DATA_FINANCE
INSERT INTO MBS_DATA_SERIES VALUES(8456491,63145.47106E0,'(millions of US dollars end of period)',2018,578,'YY','5301')
INSERT INTO MBS_DATA_SERIES VALUES(7744441,65923.863904E0,'(millions of US dollars end of period)',2017,578,'YY','5301')
INSERT INTO MBS_DATA_SERIES VALUES(7001358,60445.172369E0,'(millions of US dollars end of period)',2016,578,'YY','5301')
INSERT INTO MBS_DATA_SERIES VALUES(7001357,57455.936481E0,'(millions of US dollars end of period)',2015,578,'YY','5301')
INSERT INTO MBS_DATA_SERIES VALUES(7001356,64800.723856E0,'(millions of US dollars end of period)',2014,578,'YY','5301')
INSERT INTO MBS_DATA_SERIES VALUES(7001355,58283.142155E0,'(millions of US dollars end of period)',2013,578,'YY','5301')
INSERT INTO MBS_DATA_SERIES VALUES(7001354,51856.399587E0,'(millions of US dollars end of period)',2012,578,'YY','5301')
INSERT INTO MBS_DATA_SERIES VALUES(7001353,49397.087253E0,'(millions of US dollars end of period)',2011,578,'YY','5301')
INSERT INTO MBS_DATA_SERIES VALUES(7001352,53215.083706E0,'(millions of US dollars end of period)',2010,578,'YY','5301')
INSERT INTO MBS_DATA_SERIES VALUES(7001351,48859.300062E0,'(millions of US dollars end of period)',2009,578,'YY','5301')
INSERT INTO MBS_DATA_SERIES VALUES(7001350,50949.819414E0,'(millions of US dollars end of period)',2008,578,'YY','5301')
INSERT INTO MBS_DATA_SERIES VALUES(7001349,60839.629829E0,'(millions of US dollars end of period)',2007,578,'YY','5301')
INSERT INTO MBS_DATA_SERIES VALUES(7001348,56841.568846E0,'(millions of US dollars end of period)',2006,578,'YY','5301')
INSERT INTO MBS_DATA_SERIES VALUES(7001347,46985.905052E0,'(millions of US dollars end of period)',2005,578,'YY','5301')
INSERT INTO MBS_DATA_SERIES VALUES(7001346,44307.531918E0,'(millions of US dollars end of period)',2004,578,'YY','5301')
INSERT INTO MBS_DATA_SERIES VALUES(7001345,37219.98026E0,'(millions of US dollars end of period)',2003,578,'YY','5301')
INSERT INTO MBS_DATA_SERIES VALUES(7001344,31999.835842E0,'(millions of US dollars end of period)',2002,578,'YY','5301')
INSERT INTO MBS_DATA_SERIES VALUES(7001343,23277.534836E0,'(millions of US dollars end of period)',2001,578,'YY','5301')
INSERT INTO MBS_DATA_SERIES VALUES(7001342,27597.385931E0,'(millions of US dollars end of period)',2000,578,'YY','5301')
COMMIT
SET SCHEMA PUBLIC
DISCONNECT
/*C18*/SET SCHEMA PUBLIC
CREATE SCHEMA IF NOT EXISTS DATA_FINANCE AUTHORIZATION DBA
SET SCHEMA DATA_FINANCE
SET SCHEMA DATA_FINANCE
SET SCHEMA PUBLIC
SET SCHEMA PUBLIC
SET SCHEMA DATA_FINANCE
INSERT INTO MBS_DATA_SERIES VALUES(8482723,7400.900454E0,'(millions of US dollars end of period)',2018,600,'YY','5301')
INSERT INTO MBS_DATA_SERIES VALUES(7776622,7536.005653E0,'(millions of US dollars end of period)',2017,600,'YY','5301')
INSERT INTO MBS_DATA_SERIES VALUES(6986892,6579.009336E0,'(millions of US dollars end of period)',2016,600,'YY','5301')
INSERT INTO MBS_DATA_SERIES VALUES(6986891,5659.292546E0,'(millions of US dollars end of period)',2015,600,'YY','5301')
INSERT INTO MBS_DATA_SERIES VALUES(6986890,6668.895918E0,'(millions of US dollars end of period)',2014,600,'YY','5301')
INSERT INTO MBS_DATA_SERIES VALUES(6986889,5555.579805E0,'(millions of US dollars end of period)',2013,600,'YY','5301')
INSERT INTO MBS_DATA_SERIES VALUES(6986888,4556.608672E0,'(millions of US dollars end of period)',2012,600,'YY','5301')
INSERT INTO MBS_DATA_SERIES VALUES(6986887,4950.058149E0,'(millions of US dollars end of period)',2011,600,'YY','5301')
INSERT INTO MBS_DATA_SERIES VALUES(6986886,4136.814606E0,'(millions of US dollars end of period)',2010,600,'YY','5301')
INSERT INTO MBS_DATA_SERIES VALUES(6986885,3838.642172E0,'(millions of US dollars end of period)',2009,600,'YY','5301')
INSERT INTO MBS_DATA_SERIES VALUES(6986884,2844.555966E0,'(millions of US dollars end of period)',2008,600,'YY','5301')
INSERT INTO MBS_DATA_SERIES VALUES(6986883,2461.472077E0,'(millions of US dollars end of period)',2007,600,'YY','5301')
INSERT INTO MBS_DATA_SERIES VALUES(6986882,1702.147178E0,'(millions of US dollars end of period)',2006,600,'YY','5301')
INSERT INTO MBS_DATA_SERIES VALUES(6986881,1297.088538E0,'(millions of US dollars end of period)',2005,600,'YY','5301')
INSERT INTO MBS_DATA_SERIES VALUES(6986880,1168.046778E0,'(millions of US dollars end of period)',2004,600,'YY','5301')
INSERT INTO MBS_DATA_SERIES VALUES(6986879,968.858254E0,'(millions of US dollars end of period)',2003,600,'YY','5301')
INSERT INTO MBS_DATA_SERIES VALUES(6986878,629.194593E0,'(millions of US dollars end of period)',2002,600,'YY','5301')
INSERT INTO MBS_DATA_SERIES VALUES(6986877,713.509965E0,'(millions of US dollars end of period)',2001,600,'YY','5301')
INSERT INTO MBS_DATA_SERIES VALUES(6986876,762.827426E0,'(millions of US dollars end of period)',2000,600,'YY','5301')
COMMIT
SET SCHEMA PUBLIC
DISCONNECT
/*C19*/SET SCHEMA PUBLIC
CREATE SCHEMA IF NOT EXISTS DATA_FINANCE AUTHORIZATION DBA
SET SCHEMA DATA_FINANCE
SET SCHEMA DATA_FINANCE
SET SCHEMA PUBLIC
SET SCHEMA PUBLIC
SET SCHEMA DATA_FINANCE
INSERT INTO MBS_DATA_SERIES VALUES(8482735,71039.872169E0,'(millions of US dollars end of period)',2018,608,'YY','5301')
INSERT INTO MBS_DATA_SERIES VALUES(7744467,73228.46706E0,'(millions of US dollars end of period)',2017,608,'YY','5301')
INSERT INTO MBS_DATA_SERIES VALUES(6981051,73432.698663E0,'(millions of US dollars end of period)',2016,608,'YY','5301')
INSERT INTO MBS_DATA_SERIES VALUES(6981050,73963.945253E0,'(millions of US dollars end of period)',2015,608,'YY','5301')
INSERT INTO MBS_DATA_SERIES VALUES(6981049,72056.986769E0,'(millions of US dollars end of period)',2014,608,'YY','5301')
INSERT INTO MBS_DATA_SERIES VALUES(6981048,75688.607378E0,'(millions of US dollars end of period)',2013,608,'YY','5301')
INSERT INTO MBS_DATA_SERIES VALUES(6981047,73478.38994E0,'(millions of US dollars end of period)',2012,608,'YY','5301')
INSERT INTO MBS_DATA_SERIES VALUES(6981046,67289.681787E0,'(millions of US dollars end of period)',2011,608,'YY','5301')
INSERT INTO MBS_DATA_SERIES VALUES(6981045,55362.821444E0,'(millions of US dollars end of period)',2010,608,'YY','5301')
INSERT INTO MBS_DATA_SERIES VALUES(6981044,38782.892837E0,'(millions of US dollars end of period)',2009,608,'YY','5301')
INSERT INTO MBS_DATA_SERIES VALUES(6981043,33192.893594E0,'(millions of US dollars end of period)',2008,608,'YY','5301')
INSERT INTO MBS_DATA_SERIES VALUES(6981042,30210.597101E0,'(millions of US dollars end of period)',2007,608,'YY','5301')
INSERT INTO MBS_DATA_SERIES VALUES(6981041,20025.418616E0,'(millions of US dollars end of period)',2006,608,'YY','5301')
INSERT INTO MBS_DATA_SERIES VALUES(6981040,15925.98327E0,'(millions of US dollars end of period)',2005,608,'YY','5301')
INSERT INTO MBS_DATA_SERIES VALUES(6981039,13116.283945E0,'(millions of US dollars end of period)',2004,608,'YY','5301')
INSERT INTO MBS_DATA_SERIES VALUES(6981038,13654.873163E0,'(millions of US dollars end of period)',2003,608,'YY','5301')
INSERT INTO MBS_DATA_SERIES VALUES(6981037,13329.278364E0,'(millions of US dollars end of period)',2002,608,'YY','5301')
INSERT INTO MBS_DATA_SERIES VALUES(6981036,13476.292198E0,'(millions of US dollars end of period)',2001,608,'YY','5301')
INSERT INTO MBS_DATA_SERIES VALUES(6981035,13090.218236E0,'(millions of US dollars end of period)',2000,608,'YY','5301')
COMMIT
SET SCHEMA PUBLIC
DISCONNECT
/*C20*/SET SCHEMA PUBLIC
CREATE SCHEMA IF NOT EXISTS DATA_FINANCE AUTHORIZATION DBA
SET SCHEMA DATA_FINANCE
SET SCHEMA DATA_FINANCE
SET SCHEMA PUBLIC
SET SCHEMA PUBLIC
SET SCHEMA DATA_FINANCE
INSERT INTO MBS_DATA_SERIES VALUES(8456631,381575.041682E0,'(millions of US dollars end of period)',2018,643,'YY','5301')
INSERT INTO MBS_DATA_SERIES VALUES(7710368,356084.020964E0,'(millions of US dollars end of period)',2017,643,'YY','5301')
INSERT INTO MBS_DATA_SERIES VALUES(6996760,317544.471407E0,'(millions of US dollars end of period)',2016,643,'YY','5301')
INSERT INTO MBS_DATA_SERIES VALUES(6996759,319835.210258E0,'(millions of US dollars end of period)',2015,643,'YY','5301')
INSERT INTO MBS_DATA_SERIES VALUES(6996758,339369.921935E0,'(millions of US dollars end of period)',2014,643,'YY','5301')
INSERT INTO MBS_DATA_SERIES VALUES(6996757,469602.700888E0,'(millions of US dollars end of period)',2013,643,'YY','5301')
INSERT INTO MBS_DATA_SERIES VALUES(6996756,486576.820807E0,'(millions of US dollars end of period)',2012,643,'YY','5301')
INSERT INTO MBS_DATA_SERIES VALUES(6996755,453948.184789E0,'(millions of US dollars end of period)',2011,643,'YY','5301')
INSERT INTO MBS_DATA_SERIES VALUES(6996754,443585.871721E0,'(millions of US dollars end of period)',2010,643,'YY','5301')
INSERT INTO MBS_DATA_SERIES VALUES(6996753,416648.892265E0,'(millions of US dollars end of period)',2009,643,'YY','5301')
INSERT INTO MBS_DATA_SERIES VALUES(6996752,411749.599971E0,'(millions of US dollars end of period)',2008,643,'YY','5301')
INSERT INTO MBS_DATA_SERIES VALUES(6996751,466750.419882E0,'(millions of US dollars end of period)',2007,643,'YY','5301')
INSERT INTO MBS_DATA_SERIES VALUES(6996750,295567.5703E0,'(millions of US dollars end of period)',2006,643,'YY','5301')
INSERT INTO MBS_DATA_SERIES VALUES(6996749,175891.409917E0,'(millions of US dollars end of period)',2005,643,'YY','5301')
INSERT INTO MBS_DATA_SERIES VALUES(6996748,120808.798295E0,'(millions of US dollars end of period)',2004,643,'YY','5301')
INSERT INTO MBS_DATA_SERIES VALUES(6996747,73174.94672E0,'(millions of US dollars end of period)',2003,643,'YY','5301')
INSERT INTO MBS_DATA_SERIES VALUES(6996746,44053.601167E0,'(millions of US dollars end of period)',2002,643,'YY','5301')
INSERT INTO MBS_DATA_SERIES VALUES(6996745,32542.400769E0,'(millions of US dollars end of period)',2001,643,'YY','5301')
INSERT INTO MBS_DATA_SERIES VALUES(6996744,24264.339146E0,'(millions of US dollars end of period)',2000,643,'YY','5301')
COMMIT
SET SCHEMA PUBLIC
DISCONNECT
/*C21*/SET SCHEMA PUBLIC
CREATE SCHEMA IF NOT EXISTS DATA_FINANCE AUTHORIZATION DBA
SET SCHEMA DATA_FINANCE
SET SCHEMA DATA_FINANCE
SET SCHEMA PUBLIC
SET SCHEMA PUBLIC
SET SCHEMA DATA_FINANCE
INSERT INTO MBS_DATA_SERIES VALUES(8456741,287465.993957E0,'(millions of US dollars end of period)',2018,702,'YY','5301')
INSERT INTO MBS_DATA_SERIES VALUES(7744538,279689.8106E0,'(millions of US dollars end of period)',2017,702,'YY','5301')
INSERT INTO MBS_DATA_SERIES VALUES(6973079,246364.687061E0,'(millions of US dollars end of period)',2016,702,'YY','5301')
INSERT INTO MBS_DATA_SERIES VALUES(6973078,247534.022494E0,'(millions of US dollars end of period)',2015,702,'YY','5301')
INSERT INTO MBS_DATA_SERIES VALUES(6973077,256643.001243E0,'(millions of US dollars end of period)',2014,702,'YY','5301')
INSERT INTO MBS_DATA_SERIES VALUES(6973076,272864.079589E0,'(millions of US dollars end of period)',2013,702,'YY','5301')
INSERT INTO MBS_DATA_SERIES VALUES(6973075,259094.453708E0,'(millions of US dollars end of period)',2012,702,'YY','5301')
INSERT INTO MBS_DATA_SERIES VALUES(6973074,237527.296471E0,'(millions of US dollars end of period)',2011,702,'YY','5301')
INSERT INTO MBS_DATA_SERIES VALUES(6973073,225502.815357E0,'(millions of US dollars end of period)',2010,702,'YY','5301')
INSERT INTO MBS_DATA_SERIES VALUES(6973072,187591.629172E0,'(millions of US dollars end of period)',2009,702,'YY','5301')
INSERT INTO MBS_DATA_SERIES VALUES(6973071,173980.976508E0,'(millions of US dollars end of period)',2008,702,'YY','5301')
INSERT INTO MBS_DATA_SERIES VALUES(6973070,162745.553181E0,'(millions of US dollars end of period)',2007,702,'YY','5301')
INSERT INTO MBS_DATA_SERIES VALUES(6973069,136048.790221E0,'(millions of US dollars end of period)',2006,702,'YY','5301')
INSERT INTO MBS_DATA_SERIES VALUES(6973068,115960.08049E0,'(millions of US dollars end of period)',2005,702,'YY','5301')
INSERT INTO MBS_DATA_SERIES VALUES(6973067,112367.250698E0,'(millions of US dollars end of period)',2004,702,'YY','5301')
INSERT INTO MBS_DATA_SERIES VALUES(6973066,96033.75249E0,'(millions of US dollars end of period)',2003,702,'YY','5301')
INSERT INTO MBS_DATA_SERIES VALUES(6973065,82009.476412E0,'(millions of US dollars end of period)',2002,702,'YY','5301')
INSERT INTO MBS_DATA_SERIES VALUES(6973064,75467.336561E0,'(millions of US dollars end of period)',2001,702,'YY','5301')
INSERT INTO MBS_DATA_SERIES VALUES(6973063,79960.831788E0,'(millions of US dollars end of period)',2000,702,'YY','5301')
COMMIT
SET SCHEMA PUBLIC
DISCONNECT
/*C22*/SET SCHEMA PUBLIC
CREATE SCHEMA IF NOT EXISTS DATA_FINANCE AUTHORIZATION DBA
SET SCHEMA DATA_FINANCE
SET SCHEMA DATA_FINANCE
SET SCHEMA PUBLIC
SET SCHEMA PUBLIC
SET SCHEMA DATA_FINANCE
INSERT INTO MBS_DATA_SERIES VALUES(8456789,46478.274116E0,'(millions of US dollars end of period)',2018,710,'YY','5301')
INSERT INTO MBS_DATA_SERIES VALUES(7710505,45499.292863E0,'(millions of US dollars end of period)',2017,710,'YY','5301')
INSERT INTO MBS_DATA_SERIES VALUES(6974980,42565.588E0,'(millions of US dollars end of period)',2016,710,'YY','5301')
INSERT INTO MBS_DATA_SERIES VALUES(6974979,41619.505756E0,'(millions of US dollars end of period)',2015,710,'YY','5301')
INSERT INTO MBS_DATA_SERIES VALUES(6974978,44267.41838E0,'(millions of US dollars end of period)',2014,710,'YY','5301')
INSERT INTO MBS_DATA_SERIES VALUES(6974977,44863.675893E0,'(millions of US dollars end of period)',2013,710,'YY','5301')
INSERT INTO MBS_DATA_SERIES VALUES(6974976,43995.470405E0,'(millions of US dollars end of period)',2012,710,'YY','5301')
INSERT INTO MBS_DATA_SERIES VALUES(6974975,42595.171246E0,'(millions of US dollars end of period)',2011,710,'YY','5301')
INSERT INTO MBS_DATA_SERIES VALUES(6974974,38175.057749E0,'(millions of US dollars end of period)',2010,710,'YY','5301')
INSERT INTO MBS_DATA_SERIES VALUES(6974973,35237.419576E0,'(millions of US dollars end of period)',2009,710,'YY','5301')
INSERT INTO MBS_DATA_SERIES VALUES(6974972,30583.543856E0,'(millions of US dollars end of period)',2008,710,'YY','5301')
INSERT INTO MBS_DATA_SERIES VALUES(6974971,29588.5724E0,'(millions of US dollars end of period)',2007,710,'YY','5301')
INSERT INTO MBS_DATA_SERIES VALUES(6974970,23056.918431E0,'(millions of US dollars end of period)',2006,710,'YY','5301')
INSERT INTO MBS_DATA_SERIES VALUES(6974969,18579.129695E0,'(millions of US dollars end of period)',2005,710,'YY','5301')
INSERT INTO MBS_DATA_SERIES VALUES(6974968,13141.251628E0,'(millions of US dollars end of period)',2004,710,'YY','5301')
INSERT INTO MBS_DATA_SERIES VALUES(6974967,6495.520282E0,'(millions of US dollars end of period)',2003,710,'YY','5301')
INSERT INTO MBS_DATA_SERIES VALUES(6974966,5904.239858E0,'(millions of US dollars end of period)',2002,710,'YY','5301')
INSERT INTO MBS_DATA_SERIES VALUES(6974965,6045.276919E0,'(millions of US dollars end of period)',2001,710,'YY','5301')
INSERT INTO MBS_DATA_SERIES VALUES(6974964,6082.806131E0,'(millions of US dollars end of period)',2000,710,'YY','5301')
COMMIT
SET SCHEMA PUBLIC
DISCONNECT
/*C23*/SET SCHEMA PUBLIC
CREATE SCHEMA IF NOT EXISTS DATA_FINANCE AUTHORIZATION DBA
SET SCHEMA DATA_FINANCE
SET SCHEMA DATA_FINANCE
SET SCHEMA PUBLIC
SET SCHEMA PUBLIC
SET SCHEMA DATA_FINANCE
INSERT INTO MBS_DATA_SERIES VALUES(8456840,55385.7151E0,'(millions of US dollars end of period)',2018,752,'YY','5301')
INSERT INTO MBS_DATA_SERIES VALUES(7710577,56951.028193E0,'(millions of US dollars end of period)',2017,752,'YY','5301')
INSERT INTO MBS_DATA_SERIES VALUES(7009908,54729.780243E0,'(millions of US dollars end of period)',2016,752,'YY','5301')
INSERT INTO MBS_DATA_SERIES VALUES(7009907,53813.900259E0,'(millions of US dollars end of period)',2015,752,'YY','5301')
INSERT INTO MBS_DATA_SERIES VALUES(7009906,57704.37511E0,'(millions of US dollars end of period)',2014,752,'YY','5301')
INSERT INTO MBS_DATA_SERIES VALUES(7009905,60494.628781E0,'(millions of US dollars end of period)',2013,752,'YY','5301')
INSERT INTO MBS_DATA_SERIES VALUES(7009904,45519.227181E0,'(millions of US dollars end of period)',2012,752,'YY','5301')
INSERT INTO MBS_DATA_SERIES VALUES(7009903,44025.41014E0,'(millions of US dollars end of period)',2011,752,'YY','5301')
INSERT INTO MBS_DATA_SERIES VALUES(7009902,42564.953184E0,'(millions of US dollars end of period)',2010,752,'YY','5301')
INSERT INTO MBS_DATA_SERIES VALUES(7009901,42859.612977E0,'(millions of US dollars end of period)',2009,752,'YY','5301')
INSERT INTO MBS_DATA_SERIES VALUES(7009900,25896.400628E0,'(millions of US dollars end of period)',2008,752,'YY','5301')
INSERT INTO MBS_DATA_SERIES VALUES(7009899,27044.352788E0,'(millions of US dollars end of period)',2007,752,'YY','5301')
INSERT INTO MBS_DATA_SERIES VALUES(7009898,24777.762719E0,'(millions of US dollars end of period)',2006,752,'YY','5301')
INSERT INTO MBS_DATA_SERIES VALUES(7009897,22090.103214E0,'(millions of US dollars end of period)',2005,752,'YY','5301')
INSERT INTO MBS_DATA_SERIES VALUES(7009896,22157.717796E0,'(millions of US dollars end of period)',2004,752,'YY','5301')
INSERT INTO MBS_DATA_SERIES VALUES(7009895,19681.149707E0,'(millions of US dollars end of period)',2003,752,'YY','5301')
INSERT INTO MBS_DATA_SERIES VALUES(7009894,17127.447181E0,'(millions of US dollars end of period)',2002,752,'YY','5301')
INSERT INTO MBS_DATA_SERIES VALUES(7009893,13976.873854E0,'(millions of US dollars end of period)',2001,752,'YY','5301')
INSERT INTO MBS_DATA_SERIES VALUES(7009892,14862.61684E0,'(millions of US dollars end of period)',2000,752,'YY','5301')
COMMIT
SET SCHEMA PUBLIC
DISCONNECT
/*C24*/SET SCHEMA PUBLIC
CREATE SCHEMA IF NOT EXISTS DATA_FINANCE AUTHORIZATION DBA
SET SCHEMA DATA_FINANCE
SET SCHEMA DATA_FINANCE
SET SCHEMA PUBLIC
SET SCHEMA PUBLIC
SET SCHEMA DATA_FINANCE
INSERT INTO MBS_DATA_SERIES VALUES(8456888,199296.461437E0,'(millions of US dollars end of period)',2018,764,'YY','5301')
INSERT INTO MBS_DATA_SERIES VALUES(7710625,196120.620197E0,'(millions of US dollars end of period)',2017,764,'YY','5301')
INSERT INTO MBS_DATA_SERIES VALUES(6983646,166157.164486E0,'(millions of US dollars end of period)',2016,764,'YY','5301')
INSERT INTO MBS_DATA_SERIES VALUES(6983645,151265.956382E0,'(millions of US dollars end of period)',2015,764,'YY','5301')
INSERT INTO MBS_DATA_SERIES VALUES(6983644,151253.340027E0,'(millions of US dollars end of period)',2014,764,'YY','5301')
INSERT INTO MBS_DATA_SERIES VALUES(6983643,161328.173498E0,'(millions of US dollars end of period)',2013,764,'YY','5301')
INSERT INTO MBS_DATA_SERIES VALUES(6983642,173327.664053E0,'(millions of US dollars end of period)',2012,764,'YY','5301')
INSERT INTO MBS_DATA_SERIES VALUES(6983641,167389.121491E0,'(millions of US dollars end of period)',2011,764,'YY','5301')
INSERT INTO MBS_DATA_SERIES VALUES(6983640,167530.335376E0,'(millions of US dollars end of period)',2010,764,'YY','5301')
INSERT INTO MBS_DATA_SERIES VALUES(6983639,135482.869047E0,'(millions of US dollars end of period)',2009,764,'YY','5301')
INSERT INTO MBS_DATA_SERIES VALUES(6983638,108660.889971E0,'(millions of US dollars end of period)',2008,764,'YY','5301')
INSERT INTO MBS_DATA_SERIES VALUES(6983637,85221.341803E0,'(millions of US dollars end of period)',2007,764,'YY','5301')
INSERT INTO MBS_DATA_SERIES VALUES(6983636,65291.415167E0,'(millions of US dollars end of period)',2006,764,'YY','5301')
INSERT INTO MBS_DATA_SERIES VALUES(6983635,50690.684293E0,'(millions of US dollars end of period)',2005,764,'YY','5301')
INSERT INTO MBS_DATA_SERIES VALUES(6983634,48664.008741E0,'(millions of US dollars end of period)',2004,764,'YY','5301')
INSERT INTO MBS_DATA_SERIES VALUES(6983650,41076.930759E0,'(millions of US dollars end of period)',2003,764,'YY','5301')
INSERT INTO MBS_DATA_SERIES VALUES(6983649,38046.430773E0,'(millions of US dollars end of period)',2002,764,'YY','5301')
INSERT INTO MBS_DATA_SERIES VALUES(6983648,32354.786129E0,'(millions of US dollars end of period)',2001,764,'YY','5301')
INSERT INTO MBS_DATA_SERIES VALUES(6983647,32015.87109E0,'(millions of US dollars end of period)',2000,764,'YY','5301')
COMMIT
SET SCHEMA PUBLIC
DISCONNECT
/*C25*/SET SCHEMA PUBLIC
CREATE SCHEMA IF NOT EXISTS DATA_FINANCE AUTHORIZATION DBA
SET SCHEMA DATA_FINANCE
SET SCHEMA DATA_FINANCE
SET SCHEMA PUBLIC
SET SCHEMA PUBLIC
SET SCHEMA DATA_FINANCE
INSERT INTO MBS_DATA_SERIES VALUES(8482993,114756.990011E0,'(millions of US dollars end of period)',2018,840,'YY','5301')
INSERT INTO MBS_DATA_SERIES VALUES(7710746,112251.905534E0,'(millions of US dollars end of period)',2017,840,'YY','5301')
INSERT INTO MBS_DATA_SERIES VALUES(7016503,106290.809152E0,'(millions of US dollars end of period)',2016,840,'YY','5301')
INSERT INTO MBS_DATA_SERIES VALUES(7016502,106539.635766E0,'(millions of US dollars end of period)',2015,840,'YY','5301')
INSERT INTO MBS_DATA_SERIES VALUES(7016501,119048.483711E0,'(millions of US dollars end of period)',2014,840,'YY','5301')
INSERT INTO MBS_DATA_SERIES VALUES(7016500,133533.464073E0,'(millions of US dollars end of period)',2013,840,'YY','5301')
INSERT INTO MBS_DATA_SERIES VALUES(7016499,139133.870857E0,'(millions of US dollars end of period)',2012,840,'YY','5301')
INSERT INTO MBS_DATA_SERIES VALUES(7016498,136912.226738E0,'(millions of US dollars end of period)',2011,840,'YY','5301')
INSERT INTO MBS_DATA_SERIES VALUES(7016497,121391.806197E0,'(millions of US dollars end of period)',2010,840,'YY','5301')
INSERT INTO MBS_DATA_SERIES VALUES(7016496,119718.872595E0,'(millions of US dollars end of period)',2009,840,'YY','5301')
INSERT INTO MBS_DATA_SERIES VALUES(7016495,66607.006099E0,'(millions of US dollars end of period)',2008,840,'YY','5301')
INSERT INTO MBS_DATA_SERIES VALUES(7016494,59524.234464E0,'(millions of US dollars end of period)',2007,840,'YY','5301')
INSERT INTO MBS_DATA_SERIES VALUES(7016493,54853.87476E0,'(millions of US dollars end of period)',2006,840,'YY','5301')
INSERT INTO MBS_DATA_SERIES VALUES(7016492,54083.715801E0,'(millions of US dollars end of period)',2005,840,'YY','5301')
INSERT INTO MBS_DATA_SERIES VALUES(7016491,75889.985333E0,'(millions of US dollars end of period)',2004,840,'YY','5301')
INSERT INTO MBS_DATA_SERIES VALUES(7016490,74894.067978E0,'(millions of US dollars end of period)',2003,840,'YY','5301')
INSERT INTO MBS_DATA_SERIES VALUES(7016489,67962.414914E0,'(millions of US dollars end of period)',2002,840,'YY','5301')
INSERT INTO MBS_DATA_SERIES VALUES(7016488,57633.677027E0,'(millions of US dollars end of period)',2001,840,'YY','5301')
INSERT INTO MBS_DATA_SERIES VALUES(7016487,56600.377652E0,'(millions of US dollars end of period)',2000,840,'YY','5301')
COMMIT
SET SCHEMA PUBLIC
DISCONNECT
/*C26*/SET SCHEMA PUBLIC
CREATE SCHEMA IF NOT EXISTS DATA_FINANCE AUTHORIZATION DBA
SET SCHEMA DATA_FINANCE
SET SCHEMA DATA_FINANCE
SET SCHEMA PUBLIC
SET SCHEMA PUBLIC
SET SCHEMA DATA_FINANCE
INSERT INTO MBS_DATA_SERIES VALUES(8457011,15552.2804E0,'(millions of US dollars end of period)',2018,858,'YY','5301')
INSERT INTO MBS_DATA_SERIES VALUES(7710760,15955.048731E0,'(millions of US dollars end of period)',2017,858,'YY','5301')
INSERT INTO MBS_DATA_SERIES VALUES(6991436,13467.888236E0,'(millions of US dollars end of period)',2016,858,'YY','5301')
INSERT INTO MBS_DATA_SERIES VALUES(6991435,15630.229737E0,'(millions of US dollars end of period)',2015,858,'YY','5301')
INSERT INTO MBS_DATA_SERIES VALUES(6991434,17544.792291E0,'(millions of US dollars end of period)',2014,858,'YY','5301')
INSERT INTO MBS_DATA_SERIES VALUES(6991433,16270.614981E0,'(millions of US dollars end of period)',2013,858,'YY','5301')
INSERT INTO MBS_DATA_SERIES VALUES(6991432,13590.869948E0,'(millions of US dollars end of period)',2012,858,'YY','5301')
INSERT INTO MBS_DATA_SERIES VALUES(6991431,10288.750277E0,'(millions of US dollars end of period)',2011,858,'YY','5301')
INSERT INTO MBS_DATA_SERIES VALUES(6991430,7643.649477E0,'(millions of US dollars end of period)',2010,858,'YY','5301')
INSERT INTO MBS_DATA_SERIES VALUES(6991429,8028.64189E0,'(millions of US dollars end of period)',2009,858,'YY','5301')
INSERT INTO MBS_DATA_SERIES VALUES(6991428,6352.808823E0,'(millions of US dollars end of period)',2008,858,'YY','5301')
INSERT INTO MBS_DATA_SERIES VALUES(6991427,4114.322852E0,'(millions of US dollars end of period)',2007,858,'YY','5301')
INSERT INTO MBS_DATA_SERIES VALUES(6991426,3085.255595E0,'(millions of US dollars end of period)',2006,858,'YY','5301')
INSERT INTO MBS_DATA_SERIES VALUES(6991425,3074.054425E0,'(millions of US dollars end of period)',2005,858,'YY','5301')
INSERT INTO MBS_DATA_SERIES VALUES(6991424,2508.468406E0,'(millions of US dollars end of period)',2004,858,'YY','5301')
INSERT INTO MBS_DATA_SERIES VALUES(6991423,2083.171269E0,'(millions of US dollars end of period)',2003,858,'YY','5301')
INSERT INTO MBS_DATA_SERIES VALUES(6991422,769.146323E0,'(millions of US dollars end of period)',2002,858,'YY','5301')
INSERT INTO MBS_DATA_SERIES VALUES(6991421,3097.080334E0,'(millions of US dollars end of period)',2001,858,'YY','5301')
INSERT INTO MBS_DATA_SERIES VALUES(6991420,2478.856075E0,'(millions of US dollars end of period)',2000,858,'YY','5301')
COMMIT
SET SCHEMA PUBLIC
DISCONNECT
/*C27*/SET SCHEMA PUBLIC
CREATE SCHEMA IF NOT EXISTS DATA_FINANCE AUTHORIZATION DBA
SET SCHEMA DATA_FINANCE
SET SCHEMA DATA_FINANCE
SET SCHEMA PUBLIC
SET SCHEMA PUBLIC
SET SCHEMA DATA_FINANCE
INSERT INTO MBS_DATA_SERIES VALUES(7776876,3034.370364E0,'(millions of US dollars end of period)',2017,862,'YY','5301')
INSERT INTO MBS_DATA_SERIES VALUES(6990613,3264.516563E0,'(millions of US dollars end of period)',2016,862,'YY','5301')
INSERT INTO MBS_DATA_SERIES VALUES(6990612,6324.285011E0,'(millions of US dollars end of period)',2015,862,'YY','5301')
INSERT INTO MBS_DATA_SERIES VALUES(6990611,7456.598782E0,'(millions of US dollars end of period)',2014,862,'YY','5301')
INSERT INTO MBS_DATA_SERIES VALUES(6990610,6038.026409E0,'(millions of US dollars end of period)',2013,862,'YY','5301')
INSERT INTO MBS_DATA_SERIES VALUES(6990609,9900.149162E0,'(millions of US dollars end of period)',2012,862,'YY','5301')
INSERT INTO MBS_DATA_SERIES VALUES(6990608,9930.091458E0,'(millions of US dollars end of period)',2011,862,'YY','5301')
INSERT INTO MBS_DATA_SERIES VALUES(6990607,13136.793906E0,'(millions of US dollars end of period)',2010,862,'YY','5301')
INSERT INTO MBS_DATA_SERIES VALUES(6990606,21702.956993E0,'(millions of US dollars end of period)',2009,862,'YY','5301')
INSERT INTO MBS_DATA_SERIES VALUES(6990605,33098.128087E0,'(millions of US dollars end of period)',2008,862,'YY','5301')
INSERT INTO MBS_DATA_SERIES VALUES(6990604,24196.106364E0,'(millions of US dollars end of period)',2007,862,'YY','5301')
INSERT INTO MBS_DATA_SERIES VALUES(6990603,29417.29212E0,'(millions of US dollars end of period)',2006,862,'YY','5301')
INSERT INTO MBS_DATA_SERIES VALUES(6990602,23918.830547E0,'(millions of US dollars end of period)',2005,862,'YY','5301')
INSERT INTO MBS_DATA_SERIES VALUES(6990601,18375.430057E0,'(millions of US dollars end of period)',2004,862,'YY','5301')
INSERT INTO MBS_DATA_SERIES VALUES(6990600,16034.70252E0,'(millions of US dollars end of period)',2003,862,'YY','5301')
INSERT INTO MBS_DATA_SERIES VALUES(6990599,8487.07081E0,'(millions of US dollars end of period)',2002,862,'YY','5301')
INSERT INTO MBS_DATA_SERIES VALUES(6990598,9239.490222E0,'(millions of US dollars end of period)',2001,862,'YY','5301')
INSERT INTO MBS_DATA_SERIES VALUES(6990597,13088.483162E0,'(millions of US dollars end of period)',2000,862,'YY','5301')
COMMIT
SET SCHEMA PUBLIC
DISCONNECT
